<?xml version="1.0" encoding="UTF-8"?>
<!-- Generated by org.testng.reporters.JUnitXMLReporter -->
<testsuite hostname="LAPTOP-ACOU2N0R" name="Test" tests="3" failures="0" timestamp="25 Apr 2019 09:46:56 GMT" time="0.103" errors="0">
  <testcase name="@BeforeSuite openBrowser" time="0.0" classname="resources.MavenTestwithMercury.MercuryTestwithMaven">
    <failure type="org.openqa.selenium.WebDriverException" message="Timed out waiting for driver server to start.
Build info: version: &amp;apos;3.141.59&amp;apos;, revision: &amp;apos;e82be7d358&amp;apos;, time: &amp;apos;2018-11-14T08:17:03&amp;apos;
System info: host: &amp;apos;LAPTOP-ACOU2N0R&amp;apos;, ip: &amp;apos;192.168.31.80&amp;apos;, os.name: &amp;apos;Windows 10&amp;apos;, os.arch: &amp;apos;amd64&amp;apos;, os.version: &amp;apos;10.0&amp;apos;, java.version: &amp;apos;1.8.0_77&amp;apos;
Driver info: driver.version: ChromeDriver">
      <![CDATA[org.openqa.selenium.WebDriverException: Timed out waiting for driver server to start.
Build info: version: '3.141.59', revision: 'e82be7d358', time: '2018-11-14T08:17:03'
System info: host: 'LAPTOP-ACOU2N0R', ip: '192.168.31.80', os.name: 'Windows 10', os.arch: 'amd64', os.version: '10.0', java.version: '1.8.0_77'
Driver info: driver.version: ChromeDriver
	at org.openqa.selenium.remote.service.DriverService.waitUntilAvailable(DriverService.java:202)
	at org.openqa.selenium.remote.service.DriverService.start(DriverService.java:188)
	at org.openqa.selenium.remote.service.DriverCommandExecutor.execute(DriverCommandExecutor.java:79)
	at org.openqa.selenium.remote.RemoteWebDriver.execute(RemoteWebDriver.java:552)
	at org.openqa.selenium.remote.RemoteWebDriver.startSession(RemoteWebDriver.java:213)
	at org.openqa.selenium.remote.RemoteWebDriver.<init>(RemoteWebDriver.java:131)
	at org.openqa.selenium.chrome.ChromeDriver.<init>(ChromeDriver.java:181)
	at org.openqa.selenium.chrome.ChromeDriver.<init>(ChromeDriver.java:168)
	at org.openqa.selenium.chrome.ChromeDriver.<init>(ChromeDriver.java:123)
	at resources.MavenTestwithMercury.MercuryTestwithMaven.openBrowser(MercuryTestwithMaven.java:125)
Caused by: org.openqa.selenium.net.UrlChecker$TimeoutException: Timed out waiting for [http://localhost:10305/status] to be available after 20046 ms
	at org.openqa.selenium.net.UrlChecker.waitUntilAvailable(UrlChecker.java:100)
	at org.openqa.selenium.remote.service.DriverService.waitUntilAvailable(DriverService.java:197)
	... 27 more
Caused by: java.util.concurrent.TimeoutException
	at java.util.concurrent.FutureTask.get(FutureTask.java:205)
	at com.google.common.util.concurrent.SimpleTimeLimiter.callWithTimeout(SimpleTimeLimiter.java:156)
	at org.openqa.selenium.net.UrlChecker.waitUntilAvailable(UrlChecker.java:75)
	... 28 more
... Removed 18 stack frames]]>
    </failure>
  </testcase> <!-- @BeforeSuite openBrowser -->
  <testcase name="@BeforeTest enterApplicationURL" time="0.0" classname="resources.MavenTestwithMercury.MercuryTestwithMaven">
    <skipped/>
  </testcase> <!-- @BeforeTest enterApplicationURL -->
  <testcase name="@BeforeClass maximizeBrowser" time="0.0" classname="resources.MavenTestwithMercury.MercuryTestwithMaven">
    <skipped/>
  </testcase> <!-- @BeforeClass maximizeBrowser -->
  <testcase name="@BeforeMethod addCookies" time="0.0" classname="resources.MavenTestwithMercury.MercuryTestwithMaven">
    <skipped/>
  </testcase> <!-- @BeforeMethod addCookies -->
  <testcase name="@AfterMethod capturedScreenshot" time="0.0" classname="resources.MavenTestwithMercury.MercuryTestwithMaven">
    <skipped/>
  </testcase> <!-- @AfterMethod capturedScreenshot -->
  <testcase name="@BeforeMethod addCookies" time="0.0" classname="resources.MavenTestwithMercury.MercuryTestwithMaven">
    <skipped/>
  </testcase> <!-- @BeforeMethod addCookies -->
  <testcase name="@AfterMethod capturedScreenshot" time="0.0" classname="resources.MavenTestwithMercury.MercuryTestwithMaven">
    <skipped/>
  </testcase> <!-- @AfterMethod capturedScreenshot -->
  <testcase name="@BeforeMethod addCookies" time="0.0" classname="resources.MavenTestwithMercury.MercuryTestwithMaven">
    <skipped/>
  </testcase> <!-- @BeforeMethod addCookies -->
  <testcase name="@AfterMethod capturedScreenshot" time="0.0" classname="resources.MavenTestwithMercury.MercuryTestwithMaven">
    <skipped/>
  </testcase> <!-- @AfterMethod capturedScreenshot -->
  <testcase name="@AfterClass deleteAllcookies" time="0.0" classname="resources.MavenTestwithMercury.MercuryTestwithMaven">
    <skipped/>
  </testcase> <!-- @AfterClass deleteAllcookies -->
  <testcase name="@AfterTest dbConnectionclosed" time="0.0" classname="resources.MavenTestwithMercury.MercuryTestwithMaven">
    <skipped/>
  </testcase> <!-- @AfterTest dbConnectionclosed -->
  <testcase name="l1" time="0.0" classname="resources.MavenTestwithMercury.MercuryTestwithMaven">
    <skipped/>
  </testcase> <!-- l1 -->
  <testcase name="l2" time="0.002" classname="resources.MavenTestwithMercury.MercuryTestwithMaven">
    <skipped/>
  </testcase> <!-- l2 -->
  <testcase name="l3" time="0.0" classname="resources.MavenTestwithMercury.MercuryTestwithMaven">
    <skipped/>
  </testcase> <!-- l3 -->
</testsuite> <!-- Test -->
