<?xml version="1.0" encoding="UTF-8"?>
<!-- Generated by org.testng.reporters.JUnitXMLReporter -->
<testsuite hostname="LAPTOP-ACOU2N0R" ignored="0" name="Test" tests="3" failures="0" timestamp="25 Apr 2019 11:35:30 GMT" time="1505.824" errors="0">
  <testcase name="@BeforeClass maximizeBrowser" time="1501.333" classname="resources.MavenTestwithMercury.MercuryTestwithMaven">
    <failure type="org.openqa.selenium.TimeoutException" message="timeout
  (Session info: chrome=73.0.3683.103)
  (Driver info: chromedriver=73.0.3683.20 (8e2b610813e167eee3619ac4ce6e42e3ec622017),platform=Windows NT 10.0.17134 x86_64) (WARNING: The server did not provide any stacktrace information)
Command duration or timeout: 0 milliseconds
Build info: version: &amp;apos;3.141.59&amp;apos;, revision: &amp;apos;e82be7d358&amp;apos;, time: &amp;apos;2018-11-14T08:17:03&amp;apos;
System info: host: &amp;apos;LAPTOP-ACOU2N0R&amp;apos;, ip: &amp;apos;192.168.31.80&amp;apos;, os.name: &amp;apos;Windows 10&amp;apos;, os.arch: &amp;apos;amd64&amp;apos;, os.version: &amp;apos;10.0&amp;apos;, java.version: &amp;apos;1.8.0_77&amp;apos;
Driver info: org.openqa.selenium.chrome.ChromeDriver
Capabilities {acceptInsecureCerts: false, acceptSslCerts: false, applicationCacheEnabled: false, browserConnectionEnabled: false, browserName: chrome, chrome: {chromedriverVersion: 73.0.3683.20 (8e2b610813e16..., userDataDir: C:\WINDOWS\TEMP\scoped_dir4...}, cssSelectorsEnabled: true, databaseEnabled: false, goog:chromeOptions: {debuggerAddress: localhost:57955}, handlesAlerts: true, hasTouchScreen: false, javascriptEnabled: true, locationContextEnabled: true, mobileEmulationEnabled: false, nativeEvents: true, networkConnectionEnabled: false, pageLoadStrategy: normal, platform: XP, platformName: XP, proxy: Proxy(), rotatable: false, setWindowRect: true, strictFileInteractability: false, takesHeapSnapshot: true, takesScreenshot: true, timeouts: {implicit: 0, pageLoad: 300000, script: 30000}, unexpectedAlertBehaviour: ignore, unhandledPromptBehavior: ignore, version: 73.0.3683.103, webStorageEnabled: true}
Session ID: f3f3fab27a9631976d8131524fe4b580">
      <![CDATA[org.openqa.selenium.TimeoutException: timeout
  (Session info: chrome=73.0.3683.103)
  (Driver info: chromedriver=73.0.3683.20 (8e2b610813e167eee3619ac4ce6e42e3ec622017),platform=Windows NT 10.0.17134 x86_64) (WARNING: The server did not provide any stacktrace information)
Command duration or timeout: 0 milliseconds
Build info: version: '3.141.59', revision: 'e82be7d358', time: '2018-11-14T08:17:03'
System info: host: 'LAPTOP-ACOU2N0R', ip: '192.168.31.80', os.name: 'Windows 10', os.arch: 'amd64', os.version: '10.0', java.version: '1.8.0_77'
Driver info: org.openqa.selenium.chrome.ChromeDriver
Capabilities {acceptInsecureCerts: false, acceptSslCerts: false, applicationCacheEnabled: false, browserConnectionEnabled: false, browserName: chrome, chrome: {chromedriverVersion: 73.0.3683.20 (8e2b610813e16..., userDataDir: C:\WINDOWS\TEMP\scoped_dir4...}, cssSelectorsEnabled: true, databaseEnabled: false, goog:chromeOptions: {debuggerAddress: localhost:57955}, handlesAlerts: true, hasTouchScreen: false, javascriptEnabled: true, locationContextEnabled: true, mobileEmulationEnabled: false, nativeEvents: true, networkConnectionEnabled: false, pageLoadStrategy: normal, platform: XP, platformName: XP, proxy: Proxy(), rotatable: false, setWindowRect: true, strictFileInteractability: false, takesHeapSnapshot: true, takesScreenshot: true, timeouts: {implicit: 0, pageLoad: 300000, script: 30000}, unexpectedAlertBehaviour: ignore, unhandledPromptBehavior: ignore, version: 73.0.3683.103, webStorageEnabled: true}
Session ID: f3f3fab27a9631976d8131524fe4b580
at org.openqa.selenium.remote.ErrorHandler.createThrowable(ErrorHandler.java:214)
at org.openqa.selenium.remote.ErrorHandler.throwIfResponseFailed(ErrorHandler.java:166)
at org.openqa.selenium.remote.http.JsonHttpResponseCodec.reconstructValue(JsonHttpResponseCodec.java:40)
at org.openqa.selenium.remote.http.AbstractHttpResponseCodec.decode(AbstractHttpResponseCodec.java:80)
at org.openqa.selenium.remote.http.AbstractHttpResponseCodec.decode(AbstractHttpResponseCodec.java:44)
at org.openqa.selenium.remote.HttpCommandExecutor.execute(HttpCommandExecutor.java:158)
at org.openqa.selenium.remote.service.DriverCommandExecutor.execute(DriverCommandExecutor.java:83)
at org.openqa.selenium.remote.RemoteWebDriver.execute(RemoteWebDriver.java:552)
at org.openqa.selenium.remote.RemoteWebDriver.execute(RemoteWebDriver.java:609)
at org.openqa.selenium.remote.RemoteWebDriver$RemoteWebDriverOptions$RemoteWindow.maximize(RemoteWebDriver.java:837)
at resources.MavenTestwithMercury.MercuryTestwithMaven.maximizeBrowser(MercuryTestwithMaven.java:100)
... Removed 33 stack frames]]>
    </failure>
  </testcase> <!-- @BeforeClass maximizeBrowser -->
  <testcase name="@BeforeMethod addCookies" time="0.0" classname="resources.MavenTestwithMercury.MercuryTestwithMaven">
    <skipped/>
  </testcase> <!-- @BeforeMethod addCookies -->
  <testcase name="@AfterMethod capturedScreenshot" time="0.0" classname="resources.MavenTestwithMercury.MercuryTestwithMaven">
    <skipped/>
  </testcase> <!-- @AfterMethod capturedScreenshot -->
  <testcase name="@BeforeMethod addCookies" time="0.0" classname="resources.MavenTestwithMercury.MercuryTestwithMaven">
    <skipped/>
  </testcase> <!-- @BeforeMethod addCookies -->
  <testcase name="@AfterMethod capturedScreenshot" time="0.0" classname="resources.MavenTestwithMercury.MercuryTestwithMaven">
    <skipped/>
  </testcase> <!-- @AfterMethod capturedScreenshot -->
  <testcase name="@BeforeMethod addCookies" time="0.0" classname="resources.MavenTestwithMercury.MercuryTestwithMaven">
    <skipped/>
  </testcase> <!-- @BeforeMethod addCookies -->
  <testcase name="@AfterMethod capturedScreenshot" time="0.0" classname="resources.MavenTestwithMercury.MercuryTestwithMaven">
    <skipped/>
  </testcase> <!-- @AfterMethod capturedScreenshot -->
  <testcase name="@AfterClass deleteAllcookies" time="0.0" classname="resources.MavenTestwithMercury.MercuryTestwithMaven">
    <skipped/>
  </testcase> <!-- @AfterClass deleteAllcookies -->
  <testcase name="@AfterTest dbConnectionclosed" time="0.0" classname="resources.MavenTestwithMercury.MercuryTestwithMaven">
    <skipped/>
  </testcase> <!-- @AfterTest dbConnectionclosed -->
  <testcase name="l1" time="0.0" classname="resources.MavenTestwithMercury.MercuryTestwithMaven">
    <skipped/>
  </testcase> <!-- l1 -->
  <testcase name="l2" time="0.0" classname="resources.MavenTestwithMercury.MercuryTestwithMaven">
    <skipped/>
  </testcase> <!-- l2 -->
  <testcase name="l3" time="0.0" classname="resources.MavenTestwithMercury.MercuryTestwithMaven">
    <skipped/>
  </testcase> <!-- l3 -->
</testsuite> <!-- Test -->
