<!DOCTYPE html PUBLIC "-//W3C//DTD XHTML 1.1//EN" "http://www.w3.org/TR/xhtml11/DTD/xhtml11.dtd">
<html xmlns="http://www.w3.org/1999/xhtml"><head><title>TestNG Report</title><style type="text/css">table {margin-bottom:10px;border-collapse:collapse;empty-cells:show}th,td {border:1px solid #009;padding:.25em .5em}th {vertical-align:bottom}td {vertical-align:top}table a {font-weight:bold}.stripe td {background-color: #E6EBF9}.num {text-align:right}.passedodd td {background-color: #3F3}.passedeven td {background-color: #0A0}.skippedodd td {background-color: #DDD}.skippedeven td {background-color: #CCC}.failedodd td,.attn {background-color: #F33}.failedeven td,.stripe .attn {background-color: #D00}.stacktrace {white-space:pre;font-family:monospace}.totop {font-size:85%;text-align:center;border-bottom:2px solid #000}</style></head><body><table><tr><th>Test</th><th># Passed</th><th># Skipped</th><th># Failed</th><th>Time (ms)</th><th>Included Groups</th><th>Excluded Groups</th></tr><tr><th colspan="7">Suite</th></tr><tr><td><a href="#t0">Test</a></td><td class="num">0</td><td class="num attn">3</td><td class="num">0</td><td class="num">103</td><td></td><td></td></tr></table><table><thead><tr><th>Class</th><th>Method</th><th>Start</th><th>Time (ms)</th></tr></thead><tbody><tr><th colspan="4">Suite</th></tr></tbody><tbody id="t0"><tr><th colspan="4">Test &#8212; failed (configuration methods)</th></tr><tr class="failedeven"><td rowspan="1">resources.MavenTestwithMercury.MercuryTestwithMaven</td><td><a href="#m0">openBrowser</a></td><td rowspan="1">1556185593155</td><td rowspan="1">0</td></tr><tr><th colspan="4">Test &#8212; skipped (configuration methods)</th></tr><tr class="skippedeven"><td rowspan="11">resources.MavenTestwithMercury.MercuryTestwithMaven</td><td><a href="#m1">addCookies</a></td><td rowspan="3">1556185616077</td><td rowspan="3">0</td></tr><tr class="skippedeven"><td><a href="#m2">addCookies</a></td></tr><tr class="skippedeven"><td><a href="#m3">addCookies</a></td></tr><tr class="skippedeven"><td><a href="#m4">capturedScreenshot</a></td><td rowspan="3">1556185616057</td><td rowspan="3">0</td></tr><tr class="skippedeven"><td><a href="#m5">capturedScreenshot</a></td></tr><tr class="skippedeven"><td><a href="#m6">capturedScreenshot</a></td></tr><tr class="skippedeven"><td><a href="#m7">closeBrowser</a></td><td rowspan="1">1556185616494</td><td rowspan="1">0</td></tr><tr class="skippedeven"><td><a href="#m8">dbConnectionclosed</a></td><td rowspan="1">1556185616083</td><td rowspan="1">0</td></tr><tr class="skippedeven"><td><a href="#m9">deleteAllcookies</a></td><td rowspan="1">1556185616082</td><td rowspan="1">0</td></tr><tr class="skippedeven"><td><a href="#m10">enterApplicationURL</a></td><td rowspan="1">1556185615984</td><td rowspan="1">0</td></tr><tr class="skippedeven"><td><a href="#m11">maximizeBrowser</a></td><td rowspan="1">1556185616008</td><td rowspan="1">0</td></tr><tr><th colspan="4">Test &#8212; skipped</th></tr><tr class="skippedeven"><td rowspan="3">resources.MavenTestwithMercury.MercuryTestwithMaven</td><td><a href="#m12">l1</a></td><td rowspan="1">1556185616023</td><td rowspan="1">0</td></tr><tr class="skippedeven"><td><a href="#m13">l2</a></td><td rowspan="1">1556185616064</td><td rowspan="1">2</td></tr><tr class="skippedeven"><td><a href="#m14">l3</a></td><td rowspan="1">1556185616078</td><td rowspan="1">0</td></tr></tbody></table><h2>Test</h2><h3 id="m0">resources.MavenTestwithMercury.MercuryTestwithMaven#openBrowser</h3><table class="result"><tr><th>Exception</th></tr><tr><td><div class="stacktrace">org.openqa.selenium.WebDriverException: Timed out waiting for driver server to start.
Build info: version: &apos;3.141.59&apos;, revision: &apos;e82be7d358&apos;, time: &apos;2018-11-14T08:17:03&apos;
System info: host: &apos;LAPTOP-ACOU2N0R&apos;, ip: &apos;192.168.31.80&apos;, os.name: &apos;Windows 10&apos;, os.arch: &apos;amd64&apos;, os.version: &apos;10.0&apos;, java.version: &apos;1.8.0_77&apos;
Driver info: driver.version: ChromeDriver
	at org.openqa.selenium.remote.service.DriverService.waitUntilAvailable(DriverService.java:202)
	at org.openqa.selenium.remote.service.DriverService.start(DriverService.java:188)
	at org.openqa.selenium.remote.service.DriverCommandExecutor.execute(DriverCommandExecutor.java:79)
	at org.openqa.selenium.remote.RemoteWebDriver.execute(RemoteWebDriver.java:552)
	at org.openqa.selenium.remote.RemoteWebDriver.startSession(RemoteWebDriver.java:213)
	at org.openqa.selenium.remote.RemoteWebDriver.&lt;init&gt;(RemoteWebDriver.java:131)
	at org.openqa.selenium.chrome.ChromeDriver.&lt;init&gt;(ChromeDriver.java:181)
	at org.openqa.selenium.chrome.ChromeDriver.&lt;init&gt;(ChromeDriver.java:168)
	at org.openqa.selenium.chrome.ChromeDriver.&lt;init&gt;(ChromeDriver.java:123)
	at resources.MavenTestwithMercury.MercuryTestwithMaven.openBrowser(MercuryTestwithMaven.java:125)
Caused by: org.openqa.selenium.net.UrlChecker$TimeoutException: Timed out waiting for [http://localhost:10305/status] to be available after 20046 ms
	at org.openqa.selenium.net.UrlChecker.waitUntilAvailable(UrlChecker.java:100)
	at org.openqa.selenium.remote.service.DriverService.waitUntilAvailable(DriverService.java:197)
	... 27 more
Caused by: java.util.concurrent.TimeoutException
	at java.util.concurrent.FutureTask.get(FutureTask.java:205)
	at com.google.common.util.concurrent.SimpleTimeLimiter.callWithTimeout(SimpleTimeLimiter.java:156)
	at org.openqa.selenium.net.UrlChecker.waitUntilAvailable(UrlChecker.java:75)
	... 28 more
... Removed 18 stack frames</div></td></tr></table><p class="totop"><a href="#summary">back to summary</a></p><h3 id="m1">resources.MavenTestwithMercury.MercuryTestwithMaven#addCookies</h3><table class="result"></table><p class="totop"><a href="#summary">back to summary</a></p><h3 id="m2">resources.MavenTestwithMercury.MercuryTestwithMaven#addCookies</h3><table class="result"></table><p class="totop"><a href="#summary">back to summary</a></p><h3 id="m3">resources.MavenTestwithMercury.MercuryTestwithMaven#addCookies</h3><table class="result"></table><p class="totop"><a href="#summary">back to summary</a></p><h3 id="m4">resources.MavenTestwithMercury.MercuryTestwithMaven#capturedScreenshot</h3><table class="result"></table><p class="totop"><a href="#summary">back to summary</a></p><h3 id="m5">resources.MavenTestwithMercury.MercuryTestwithMaven#capturedScreenshot</h3><table class="result"></table><p class="totop"><a href="#summary">back to summary</a></p><h3 id="m6">resources.MavenTestwithMercury.MercuryTestwithMaven#capturedScreenshot</h3><table class="result"></table><p class="totop"><a href="#summary">back to summary</a></p><h3 id="m7">resources.MavenTestwithMercury.MercuryTestwithMaven#closeBrowser</h3><table class="result"></table><p class="totop"><a href="#summary">back to summary</a></p><h3 id="m8">resources.MavenTestwithMercury.MercuryTestwithMaven#dbConnectionclosed</h3><table class="result"></table><p class="totop"><a href="#summary">back to summary</a></p><h3 id="m9">resources.MavenTestwithMercury.MercuryTestwithMaven#deleteAllcookies</h3><table class="result"></table><p class="totop"><a href="#summary">back to summary</a></p><h3 id="m10">resources.MavenTestwithMercury.MercuryTestwithMaven#enterApplicationURL</h3><table class="result"></table><p class="totop"><a href="#summary">back to summary</a></p><h3 id="m11">resources.MavenTestwithMercury.MercuryTestwithMaven#maximizeBrowser</h3><table class="result"></table><p class="totop"><a href="#summary">back to summary</a></p><h3 id="m12">resources.MavenTestwithMercury.MercuryTestwithMaven#l1</h3><table class="result"></table><p class="totop"><a href="#summary">back to summary</a></p><h3 id="m13">resources.MavenTestwithMercury.MercuryTestwithMaven#l2</h3><table class="result"></table><p class="totop"><a href="#summary">back to summary</a></p><h3 id="m14">resources.MavenTestwithMercury.MercuryTestwithMaven#l3</h3><table class="result"></table><p class="totop"><a href="#summary">back to summary</a></p></body></html>