<?xml version="1.0" encoding="UTF-8"?>
<testng-results skipped="3" failed="0" total="3" passed="0">
  <reporter-output>
  </reporter-output>
  <suite name="Suite" duration-ms="103" started-at="2019-04-25T09:46:55Z" finished-at="2019-04-25T09:46:56Z">
    <groups>
    </groups>
    <test name="Test" duration-ms="103" started-at="2019-04-25T09:46:55Z" finished-at="2019-04-25T09:46:56Z">
      <class name="resources.MavenTestwithMercury.MercuryTestwithMaven">
        <test-method status="FAIL" signature="openBrowser()[pri:0, instance:resources.MavenTestwithMercury.MercuryTestwithMaven@28f67ac7]" name="openBrowser" is-config="true" duration-ms="0" started-at="2019-04-25T15:16:33Z" finished-at="2019-04-25T15:16:33Z">
          <exception class="org.openqa.selenium.WebDriverException">
            <message>
              <![CDATA[Timed out waiting for driver server to start.
Build info: version: '3.141.59', revision: 'e82be7d358', time: '2018-11-14T08:17:03'
System info: host: 'LAPTOP-ACOU2N0R', ip: '192.168.31.80', os.name: 'Windows 10', os.arch: 'amd64', os.version: '10.0', java.version: '1.8.0_77'
Driver info: driver.version: ChromeDriver]]>
            </message>
            <full-stacktrace>
              <![CDATA[org.openqa.selenium.WebDriverException: Timed out waiting for driver server to start.
Build info: version: '3.141.59', revision: 'e82be7d358', time: '2018-11-14T08:17:03'
System info: host: 'LAPTOP-ACOU2N0R', ip: '192.168.31.80', os.name: 'Windows 10', os.arch: 'amd64', os.version: '10.0', java.version: '1.8.0_77'
Driver info: driver.version: ChromeDriver
	at org.openqa.selenium.remote.service.DriverService.waitUntilAvailable(DriverService.java:202)
	at org.openqa.selenium.remote.service.DriverService.start(DriverService.java:188)
	at org.openqa.selenium.remote.service.DriverCommandExecutor.execute(DriverCommandExecutor.java:79)
	at org.openqa.selenium.remote.RemoteWebDriver.execute(RemoteWebDriver.java:552)
	at org.openqa.selenium.remote.RemoteWebDriver.startSession(RemoteWebDriver.java:213)
	at org.openqa.selenium.remote.RemoteWebDriver.<init>(RemoteWebDriver.java:131)
	at org.openqa.selenium.chrome.ChromeDriver.<init>(ChromeDriver.java:181)
	at org.openqa.selenium.chrome.ChromeDriver.<init>(ChromeDriver.java:168)
	at org.openqa.selenium.chrome.ChromeDriver.<init>(ChromeDriver.java:123)
	at resources.MavenTestwithMercury.MercuryTestwithMaven.openBrowser(MercuryTestwithMaven.java:125)
	at sun.reflect.NativeMethodAccessorImpl.invoke0(Native Method)
	at sun.reflect.NativeMethodAccessorImpl.invoke(NativeMethodAccessorImpl.java:62)
	at sun.reflect.DelegatingMethodAccessorImpl.invoke(DelegatingMethodAccessorImpl.java:43)
	at java.lang.reflect.Method.invoke(Method.java:498)
	at org.testng.internal.MethodInvocationHelper.invokeMethod(MethodInvocationHelper.java:86)
	at org.testng.internal.Invoker.invokeConfigurationMethod(Invoker.java:514)
	at org.testng.internal.Invoker.invokeConfigurations(Invoker.java:215)
	at org.testng.internal.Invoker.invokeConfigurations(Invoker.java:142)
	at org.testng.SuiteRunner.privateRun(SuiteRunner.java:305)
	at org.testng.SuiteRunner.run(SuiteRunner.java:268)
	at org.testng.SuiteRunnerWorker.runSuite(SuiteRunnerWorker.java:52)
	at org.testng.SuiteRunnerWorker.run(SuiteRunnerWorker.java:86)
	at org.testng.TestNG.runSuitesSequentially(TestNG.java:1244)
	at org.testng.TestNG.runSuitesLocally(TestNG.java:1169)
	at org.testng.TestNG.run(TestNG.java:1064)
	at org.testng.remote.RemoteTestNG.run(RemoteTestNG.java:113)
	at org.testng.remote.RemoteTestNG.initAndRun(RemoteTestNG.java:206)
	at org.testng.remote.RemoteTestNG.main(RemoteTestNG.java:177)
Caused by: org.openqa.selenium.net.UrlChecker$TimeoutException: Timed out waiting for [http://localhost:10305/status] to be available after 20046 ms
	at org.openqa.selenium.net.UrlChecker.waitUntilAvailable(UrlChecker.java:100)
	at org.openqa.selenium.remote.service.DriverService.waitUntilAvailable(DriverService.java:197)
	... 27 more
Caused by: java.util.concurrent.TimeoutException
	at java.util.concurrent.FutureTask.get(FutureTask.java:205)
	at com.google.common.util.concurrent.SimpleTimeLimiter.callWithTimeout(SimpleTimeLimiter.java:156)
	at org.openqa.selenium.net.UrlChecker.waitUntilAvailable(UrlChecker.java:75)
	... 28 more
]]>
            </full-stacktrace>
          </exception> <!-- org.openqa.selenium.WebDriverException -->
          <reporter-output>
          </reporter-output>
        </test-method> <!-- openBrowser -->
        <test-method status="SKIP" signature="enterApplicationURL()[pri:0, instance:resources.MavenTestwithMercury.MercuryTestwithMaven@28f67ac7]" name="enterApplicationURL" is-config="true" duration-ms="0" started-at="2019-04-25T15:16:55Z" finished-at="2019-04-25T15:16:55Z">
          <reporter-output>
          </reporter-output>
        </test-method> <!-- enterApplicationURL -->
        <test-method status="SKIP" signature="maximizeBrowser()[pri:0, instance:resources.MavenTestwithMercury.MercuryTestwithMaven@28f67ac7]" name="maximizeBrowser" is-config="true" duration-ms="0" started-at="2019-04-25T15:16:56Z" finished-at="2019-04-25T15:16:56Z">
          <reporter-output>
          </reporter-output>
        </test-method> <!-- maximizeBrowser -->
        <test-method status="SKIP" signature="addCookies()[pri:0, instance:resources.MavenTestwithMercury.MercuryTestwithMaven@28f67ac7]" name="addCookies" is-config="true" duration-ms="0" started-at="2019-04-25T15:16:56Z" finished-at="2019-04-25T15:16:56Z">
          <reporter-output>
          </reporter-output>
        </test-method> <!-- addCookies -->
        <test-method status="SKIP" signature="l1()[pri:1, instance:resources.MavenTestwithMercury.MercuryTestwithMaven@28f67ac7]" name="l1" duration-ms="0" started-at="2019-04-25T15:16:56Z" finished-at="2019-04-25T15:16:56Z">
          <reporter-output>
          </reporter-output>
        </test-method> <!-- l1 -->
        <test-method status="SKIP" signature="capturedScreenshot()[pri:0, instance:resources.MavenTestwithMercury.MercuryTestwithMaven@28f67ac7]" name="capturedScreenshot" is-config="true" duration-ms="0" started-at="2019-04-25T15:16:56Z" finished-at="2019-04-25T15:16:56Z">
          <reporter-output>
          </reporter-output>
        </test-method> <!-- capturedScreenshot -->
        <test-method status="SKIP" signature="addCookies()[pri:0, instance:resources.MavenTestwithMercury.MercuryTestwithMaven@28f67ac7]" name="addCookies" is-config="true" duration-ms="0" started-at="2019-04-25T15:16:56Z" finished-at="2019-04-25T15:16:56Z">
          <reporter-output>
          </reporter-output>
        </test-method> <!-- addCookies -->
        <test-method status="SKIP" signature="l2()[pri:2, instance:resources.MavenTestwithMercury.MercuryTestwithMaven@28f67ac7]" name="l2" duration-ms="2" started-at="2019-04-25T15:16:56Z" finished-at="2019-04-25T15:16:56Z">
          <reporter-output>
          </reporter-output>
        </test-method> <!-- l2 -->
        <test-method status="SKIP" signature="capturedScreenshot()[pri:0, instance:resources.MavenTestwithMercury.MercuryTestwithMaven@28f67ac7]" name="capturedScreenshot" is-config="true" duration-ms="0" started-at="2019-04-25T15:16:56Z" finished-at="2019-04-25T15:16:56Z">
          <reporter-output>
          </reporter-output>
        </test-method> <!-- capturedScreenshot -->
        <test-method status="SKIP" signature="addCookies()[pri:0, instance:resources.MavenTestwithMercury.MercuryTestwithMaven@28f67ac7]" name="addCookies" is-config="true" duration-ms="0" started-at="2019-04-25T15:16:56Z" finished-at="2019-04-25T15:16:56Z">
          <reporter-output>
          </reporter-output>
        </test-method> <!-- addCookies -->
        <test-method status="SKIP" signature="l3()[pri:3, instance:resources.MavenTestwithMercury.MercuryTestwithMaven@28f67ac7]" name="l3" duration-ms="0" started-at="2019-04-25T15:16:56Z" finished-at="2019-04-25T15:16:56Z">
          <reporter-output>
          </reporter-output>
        </test-method> <!-- l3 -->
        <test-method status="SKIP" signature="capturedScreenshot()[pri:0, instance:resources.MavenTestwithMercury.MercuryTestwithMaven@28f67ac7]" name="capturedScreenshot" is-config="true" duration-ms="0" started-at="2019-04-25T15:16:56Z" finished-at="2019-04-25T15:16:56Z">
          <reporter-output>
          </reporter-output>
        </test-method> <!-- capturedScreenshot -->
        <test-method status="SKIP" signature="deleteAllcookies()[pri:0, instance:resources.MavenTestwithMercury.MercuryTestwithMaven@28f67ac7]" name="deleteAllcookies" is-config="true" duration-ms="0" started-at="2019-04-25T15:16:56Z" finished-at="2019-04-25T15:16:56Z">
          <reporter-output>
          </reporter-output>
        </test-method> <!-- deleteAllcookies -->
        <test-method status="SKIP" signature="dbConnectionclosed()[pri:0, instance:resources.MavenTestwithMercury.MercuryTestwithMaven@28f67ac7]" name="dbConnectionclosed" is-config="true" duration-ms="0" started-at="2019-04-25T15:16:56Z" finished-at="2019-04-25T15:16:56Z">
          <reporter-output>
          </reporter-output>
        </test-method> <!-- dbConnectionclosed -->
        <test-method status="SKIP" signature="closeBrowser()[pri:0, instance:resources.MavenTestwithMercury.MercuryTestwithMaven@28f67ac7]" name="closeBrowser" is-config="true" duration-ms="0" started-at="2019-04-25T15:16:56Z" finished-at="2019-04-25T15:16:56Z">
          <reporter-output>
          </reporter-output>
        </test-method> <!-- closeBrowser -->
      </class> <!-- resources.MavenTestwithMercury.MercuryTestwithMaven -->
    </test> <!-- Test -->
  </suite> <!-- Suite -->
</testng-results>
